2022-09-11T02:07:12Z <WARN:emu.grasscutter.utils.Language> Failed to load language file: pt-BR.json, falling back to: en-US.json
2022-09-11T02:07:13Z <INFO:emu.grasscutter.utils.Language> Loading cached TextMaps
2022-09-11T02:07:14Z <INFO:emu.grasscutter.data.ResourceLoader> Loading resources...
2022-09-11T02:07:41Z <INFO:emu.grasscutter.data.ResourceLoader> Finished loading resources.
2022-09-11T02:07:42Z <INFO:emu.grasscutter.tools.Tools> GM Handbooks generated!
2022-09-11T02:07:42Z <INFO:emu.grasscutter.Grasscutter> Starting Grasscutter...
2022-09-11T02:07:42Z <INFO:emu.grasscutter.Grasscutter> Game version: 3.0.0
2022-09-11T02:07:42Z <INFO:emu.grasscutter.Grasscutter> Grasscutter version: 1.3.1-dev-GIT_NOT_FOUND
2022-09-11T02:07:46Z <INFO:emu.grasscutter.plugin.PluginManager> Loading plugin: IdLookPlugin
2022-09-11T02:07:50Z <INFO:uk.haku.idlook.IdLookPlugin> The IdLook plugin has been loaded.
2022-09-11T02:07:52Z <INFO:emu.grasscutter.server.http.HttpServer> [Dispatch] Dispatch server started at [1m[33m127.0.0.1:443[0m
2022-09-11T02:07:52Z <INFO:emu.grasscutter.server.game.GameServer> Grasscutter is FREE software. If you have paid for this, you may have been scammed. Homepage: https://github.com/Grasscutters/Grasscutter
2022-09-11T02:07:52Z <INFO:emu.grasscutter.server.game.GameServer> Game Server started at [1m[33m127.0.0.1:22102[0m
2022-09-11T02:07:52Z <INFO:emu.grasscutter.plugin.PluginManager> Enabling plugin: IdLookPlugin
2022-09-11T02:07:52Z <INFO:uk.haku.idlook.IdLookPlugin> The IdLook plugin has been loaded.
2022-09-11T02:07:52Z <INFO:emu.grasscutter.Grasscutter> Done! For help, type "help"
2022-09-11T02:08:54Z <INFO:emu.grasscutter.server.http.dispatch.RegionHandler> [Dispatch] Client [0:0:0:0:0:0:0:1] request: query_region_list
2022-09-11T02:08:56Z <INFO:emu.grasscutter.auth.DefaultAuthenticators$TokenAuthenticator> [Dispatch] Client [0:0:0:0:0:0:0:1] is trying to log in via token.
2022-09-11T02:08:56Z <INFO:emu.grasscutter.auth.DefaultAuthenticators$TokenAuthenticator> [Dispatch] Client [0:0:0:0:0:0:0:1] logged in via token as 10013.
2022-09-11T02:08:57Z <INFO:emu.grasscutter.server.http.dispatch.DispatchHandler> [Dispatch] Client [0:0:0:0:0:0:0:1] is trying to log in.
2022-09-11T02:08:57Z <INFO:emu.grasscutter.auth.DefaultAuthenticators$SessionKeyAuthenticator> [Dispatch] Client [0:0:0:0:0:0:0:1] succeed to exchange combo token.
2022-09-11T02:08:57Z <INFO:emu.grasscutter.server.http.dispatch.DispatchHandler> [Dispatch] Client [0:0:0:0:0:0:0:1] is trying to log in.
2022-09-11T02:08:57Z <INFO:emu.grasscutter.server.http.dispatch.RegionHandler> Client 127.0.0.1 request: query_cur_region/os_usa
2022-09-11T02:09:29Z <INFO:emu.grasscutter.server.game.GameSession> Client connected from /127.0.0.1:51148
2022-09-11T02:09:41Z <INFO:emu.grasscutter.game.activity.ActivityManager> Enable 1 activities.
2022-09-11T02:13:26Z <INFO:emu.grasscutter.command.CommandHandler> Available commands: 
2022-09-11T02:13:26Z <INFO:emu.grasscutter.command.CommandHandler> account - Modify user accounts
	Usage: account create <username> [<UID>]
	Usage: account delete <username>
	Usage: account create <username> <password> [<UID>]
	Usage: account resetpass <username> <password>
	Permission:  None
2022-09-11T02:13:26Z <INFO:emu.grasscutter.command.CommandHandler> announce - Send announcement to all online players, or manage server's announcement
	Usage: a <content>
	Usage: a refresh
	Usage: a (tpl|revoke) <templateId>
	Aliases: a 
	Permission: server.announce
2022-09-11T02:13:26Z <INFO:emu.grasscutter.command.CommandHandler> ban - Ban a player
	Usage: ban @<UID> [<time> [<reason>]]
	Permission: server.ban
2022-09-11T02:13:26Z <INFO:emu.grasscutter.command.CommandHandler> clear - Deletes unequipped unlocked items from your inventory. Defaults to 4* level 1 refinement 1 or lower, but can be set higher.
	Usage: clear @<UID> (all|wp|art|mat) [lv<max level>] [r<max refinement>] [<max rarity>*]
	Permission: player.clearinv  (Permission player.clearinv.others is also required to use on other players)
2022-09-11T02:13:26Z <INFO:emu.grasscutter.command.CommandHandler> coop - Forces someone to join the world of others. If no one is targeted, it sends you into co-op mode anyway.
	Usage: coop @<UID> [<host UID>]
	Permission: server.coop  (Permission server.coop.others is also required to use on other players)
2022-09-11T02:13:26Z <INFO:emu.grasscutter.command.CommandHandler> enter_dungeon - Enter a dungeon
	Usage: dungeon @<UID> <dungeonId>
	Aliases: enterdungeon dungeon 
	Permission: player.enterdungeon  (Permission player.enterdungeon.others is also required to use on other players)
2022-09-11T02:13:26Z <INFO:emu.grasscutter.command.CommandHandler> give - Gives an item to you or the specified player. Can also give all weapons, avatars and/or materials, and can construct custom artifacts.
	Usage: g @<UID> (<itemId>|<avatarId>|all|weapons|mats|avatars) [lv<level>] [r<refinement>] [x<amount>] [c<constellation>]
	Usage: g @<UID> <artifactId> [lv<level>] [x<amount>] [<mainPropId>] [<appendPropId>[,<times>]]...
	Aliases: g item giveitem 
	Permission: player.give  (Permission player.give.others is also required to use on other players)
2022-09-11T02:13:26Z <INFO:emu.grasscutter.command.CommandHandler> heal - Heal all characters in your current team.
	Usage: h @<UID> 
	Aliases: h 
	Permission: player.heal  (Permission player.heal.others is also required to use on other players)
2022-09-11T02:13:26Z <INFO:emu.grasscutter.command.CommandHandler> help - Sends the help message or shows information about a specified command
	Usage: help [<command>]
	Permission:  None
2022-09-11T02:13:26Z <INFO:emu.grasscutter.command.CommandHandler> kick - Kicks the specified player from the server (WIP)
	Usage: kick @<UID> 
	Aliases: restart 
	Permission:  None  (Permission server.kick is also required to use on other players)
2022-09-11T02:13:26Z <INFO:emu.grasscutter.command.CommandHandler> killall - Kill all entities
	Usage: killall @<UID> [<sceneId>]
	Permission: server.killall  (Permission server.killall.others is also required to use on other players)
2022-09-11T02:13:26Z <INFO:emu.grasscutter.command.CommandHandler> killCharacter - Kills the players current character
	Usage: kill @<UID> 
	Aliases: suicide kill 
	Permission: player.killcharacter  (Permission player.killcharacter.others is also required to use on other players)
2022-09-11T02:13:26Z <INFO:emu.grasscutter.command.CommandHandler> language - Display or change current language
	Usage: lang [<language code>]
	Aliases: lang 
	Permission:  None
2022-09-11T02:13:26Z <INFO:emu.grasscutter.command.CommandHandler> list - List online players
	Usage: list [<UID>]
	Aliases: players 
	Permission:  None
2022-09-11T02:13:26Z <INFO:emu.grasscutter.command.CommandHandler> look - This value does not exist. Please report this to the Discord: commands.look.description
	Usage: l look <keywords>
	Aliases: l gm 
	Permission: player.look
2022-09-11T02:13:26Z <INFO:emu.grasscutter.command.CommandHandler> permission - Grants or removes a permission for a user
	Usage: permission @<UID> add <permission>
	Usage: permission @<UID> remove <permission>
	Usage: permission @<UID> clear
	Usage: permission @<UID> list
	Permission: permission
2022-09-11T02:13:26Z <INFO:emu.grasscutter.command.CommandHandler> position - Gets position and rotation information
	Usage: pos @<UID> 
	Aliases: pos 
	Permission:  None
2022-09-11T02:13:26Z <INFO:emu.grasscutter.command.CommandHandler> quest - Add or finish quests
	Usage: quest @<UID> (add|finish) [<questId>]
	Permission: player.quest  (Permission player.quest.others is also required to use on other players)
2022-09-11T02:13:26Z <INFO:emu.grasscutter.command.CommandHandler> reload - Reload server config
	Usage: reload 
	Permission: server.reload
2022-09-11T02:13:26Z <INFO:emu.grasscutter.command.CommandHandler> resetConst - Resets the constellation level on your current active character, you will need to relog after using the command to see any changes
	Usage: resetConst @<UID> [all]
	Aliases: resetconstellation 
	Permission: player.resetconstellation  (Permission player.resetconstellation.others is also required to use on other players)
2022-09-11T02:13:26Z <INFO:emu.grasscutter.command.CommandHandler> resetShopLimit - Reset target player's shop refresh time
	Usage: resetshop @<UID> 
	Aliases: resetshop 
	Permission: server.resetshop  (Permission server.resetshop.others is also required to use on other players)
2022-09-11T02:13:26Z <INFO:emu.grasscutter.command.CommandHandler> sendMail - Sends mail to the specified user. The usage of this command changes based on its composition state
	Usage: sendMail (<userId>|all) [<templateId>]
	Usage: sendMail help
	Permission: server.sendmail
2022-09-11T02:13:26Z <INFO:emu.grasscutter.command.CommandHandler> sendMessage - Sends a message to a player as the server. If used with no target, sends to all players on the server.
	Usage: b <message>
	Aliases: say sendservmsg sendservermessage b broadcast 
	Permission: server.sendmessage  (Permission server.sendmessage.others is also required to use on other players)
2022-09-11T02:13:26Z <INFO:emu.grasscutter.command.CommandHandler> setConst - Sets constellation level for your current active character
	Usage: setConst @<UID> <constellation level>
	Aliases: setconstellation 
	Permission: player.setconstellation  (Permission player.setconstellation.others is also required to use on other players)
2022-09-11T02:13:26Z <INFO:emu.grasscutter.command.CommandHandler> setFetterLevel - Sets your fetter level for your current active character
	Usage: setfetterlvl @<UID> <level>
	Aliases: setfetterlvl setfriendship 
	Permission: player.setfetterlevel  (Permission player.setfetterlevel.others is also required to use on other players)
2022-09-11T02:13:26Z <INFO:emu.grasscutter.command.CommandHandler> setProp - Sets accountwide properties. Things like godmode can be enabled this way, as well as changing things like unlocked abyss floor and battle pass progress.
	Values for <prop> (case-insensitive): GodMode | UnlimitedStamina | UnlimitedEnergy | TowerLevel | WorldLevel | BPLevel | SetOpenState | UnsetOpenState | UnlockMap
	(cont.) see PlayerProperty enum for other possible values, of the form PROP_MAX_SPRING_VOLUME -> max_spring_volume
	Usage: prop @<UID> <prop> <value>
	Aliases: prop 
	Permission: player.setprop  (Permission player.setprop.others is also required to use on other players)
2022-09-11T02:13:26Z <INFO:emu.grasscutter.command.CommandHandler> setStats - Sets fight property for your current active character
	Values for <stat>: hp | maxhp | def | atk | em | er | crate | cdmg | cdr | heal | heali | shield | defi
	(cont.) Elemental DMG Bonus: epyro | ecryo | ehydro | egeo | edendro | eelectro | ephys
	(cont.) Elemental RES: respyro | rescryo | reshydro | resgeo | resdendro | reselectro | resphys
	Usage: stat @<UID> [set] <stat> <value>
	Usage: stat @<UID> (lock|freeze) <stat> [<value>]
	Usage: stat @<UID> (unlock|unfreeze) <stat>
	Aliases: stats stat 
	Permission: player.setstats  (Permission player.setstats.others is also required to use on other players)
2022-09-11T02:13:26Z <INFO:emu.grasscutter.command.CommandHandler> spawn - Spawns an entity near you
	Usage: drop @<UID> spawn <entityId> [amount] [level(monster only)] [<x> <y> <z>(monster only)]
	Aliases: drop 
	Permission: server.spawn  (Permission server.spawn.others is also required to use on other players)
2022-09-11T02:13:26Z <INFO:emu.grasscutter.command.CommandHandler> stop - Stops the server
	Usage: stop 
	Permission: server.stop
2022-09-11T02:13:26Z <INFO:emu.grasscutter.command.CommandHandler> talent - Set talent level for your current active character
	Usage: talent @<UID> set <talentId> <level>
	Usage: talent @<UID> (n|e|q) <level>
	Usage: talent @<UID> getid
	Permission: player.settalent  (Permission player.settalent.others is also required to use on other players)
2022-09-11T02:13:26Z <INFO:emu.grasscutter.command.CommandHandler> team - Modify your team manually.
	Usage: team @<UID> add <avatarId,...>
	Usage: team @<UID> (remove|set) [index|first|last|index-index,...]
	Permission: player.team  (Permission player.team.others is also required to use on other players)
2022-09-11T02:13:26Z <INFO:emu.grasscutter.command.CommandHandler> teleport - Change the player's position
	Usage: tp @<UID> <x> <y> <z> [sceneId]
	Aliases: tp 
	Permission: player.teleport  (Permission player.teleport.others is also required to use on other players)
2022-09-11T02:13:26Z <INFO:emu.grasscutter.command.CommandHandler> teleportAll - Teleports all players in your world to your position
	Usage: tpall @<UID> 
	Aliases: tpall 
	Permission: player.tpall  (Permission player.tpall.others is also required to use on other players)
2022-09-11T02:13:26Z <INFO:emu.grasscutter.command.CommandHandler> unban - Unban a player
	Usage: unban @<UID> 
	Permission: server.ban
2022-09-11T02:13:26Z <INFO:emu.grasscutter.command.CommandHandler> unlockall - Unlocks all open states for a player.
	Usage: unlockall @<UID> 
	Permission: player.unlockall  (Permission player.unlockall.others is also required to use on other players)
2022-09-11T02:13:26Z <INFO:emu.grasscutter.command.CommandHandler> weather - Changes weather ID and climate type. Weather IDs can be found in ./Resources/ExcelBinOutput/WeatherExcelConfigData.json.
Climate types: sunny, cloudy, rain, thunderstorm, snow, mist
	Usage: w @<UID> weather [<weatherId>] [<climateType>]
	Aliases: w 
	Permission: player.weather  (Permission player.weather.others is also required to use on other players)
2022-09-11T02:13:52Z <INFO:emu.grasscutter.command.CommandHandler> There are 1 player(s) online:
2022-09-11T02:13:52Z <INFO:emu.grasscutter.command.CommandHandler> ayame
2022-09-11T02:14:00Z <INFO:emu.grasscutter.command.CommandHandler> Coordinates: -2245.0037, 201.22282, 5514.7563
Rotation：24.074764, 102.93408, 360.0
Scene ID: 3
2022-09-11T02:15:15Z <INFO:emu.grasscutter.command.CommandHandler> Usage: unban @<UID> 
2022-09-11T02:15:15Z <INFO:emu.grasscutter.command.CommandHandler> This command requires a target UID. Add a <@UID> argument or set a persistent target with /target @UID.
2022-09-11T02:16:29Z <INFO:emu.grasscutter.command.CommandHandler> Successful.
2022-09-11T02:16:29Z <INFO:emu.grasscutter.server.game.GameSession> Client disconnected from /127.0.0.1:51148
2022-09-11T02:16:38Z <INFO:emu.grasscutter.auth.DefaultAuthenticators$TokenAuthenticator> [Dispatch] Client [0:0:0:0:0:0:0:1] is trying to log in via token.
2022-09-11T02:16:38Z <INFO:emu.grasscutter.auth.DefaultAuthenticators$TokenAuthenticator> [Dispatch] Client [0:0:0:0:0:0:0:1] logged in via token as 10013.
2022-09-11T02:16:38Z <INFO:emu.grasscutter.server.http.dispatch.DispatchHandler> [Dispatch] Client [0:0:0:0:0:0:0:1] is trying to log in.
2022-09-11T02:16:38Z <INFO:emu.grasscutter.auth.DefaultAuthenticators$SessionKeyAuthenticator> [Dispatch] Client [0:0:0:0:0:0:0:1] succeed to exchange combo token.
2022-09-11T02:16:38Z <INFO:emu.grasscutter.server.http.dispatch.DispatchHandler> [Dispatch] Client [0:0:0:0:0:0:0:1] is trying to log in.
2022-09-11T02:16:38Z <INFO:emu.grasscutter.server.http.dispatch.RegionHandler> Client 127.0.0.1 request: query_cur_region/os_usa
2022-09-11T02:16:46Z <INFO:emu.grasscutter.server.game.GameSession> Client connected from /127.0.0.1:57437
2022-09-11T02:16:46Z <INFO:emu.grasscutter.server.game.GameSession> Client disconnected from /127.0.0.1:57437
2022-09-11T02:16:50Z <INFO:emu.grasscutter.auth.DefaultAuthenticators$TokenAuthenticator> [Dispatch] Client [0:0:0:0:0:0:0:1] is trying to log in via token.
2022-09-11T02:16:50Z <INFO:emu.grasscutter.auth.DefaultAuthenticators$TokenAuthenticator> [Dispatch] Client [0:0:0:0:0:0:0:1] logged in via token as 10013.
2022-09-11T02:16:50Z <INFO:emu.grasscutter.server.http.dispatch.DispatchHandler> [Dispatch] Client [0:0:0:0:0:0:0:1] is trying to log in.
2022-09-11T02:16:50Z <INFO:emu.grasscutter.auth.DefaultAuthenticators$SessionKeyAuthenticator> [Dispatch] Client [0:0:0:0:0:0:0:1] succeed to exchange combo token.
2022-09-11T02:16:50Z <INFO:emu.grasscutter.server.http.dispatch.DispatchHandler> [Dispatch] Client [0:0:0:0:0:0:0:1] is trying to log in.
2022-09-11T02:16:50Z <INFO:emu.grasscutter.server.http.dispatch.RegionHandler> Client 127.0.0.1 request: query_cur_region/os_usa
2022-09-11T02:16:54Z <INFO:emu.grasscutter.command.CommandHandler> Failed, player not found.
2022-09-11T02:16:58Z <INFO:emu.grasscutter.server.game.GameSession> Client connected from /127.0.0.1:49554
2022-09-11T02:16:58Z <INFO:emu.grasscutter.server.game.GameSession> Client disconnected from /127.0.0.1:49554
2022-09-11T02:17:01Z <INFO:emu.grasscutter.auth.DefaultAuthenticators$TokenAuthenticator> [Dispatch] Client [0:0:0:0:0:0:0:1] is trying to log in via token.
2022-09-11T02:17:01Z <INFO:emu.grasscutter.auth.DefaultAuthenticators$TokenAuthenticator> [Dispatch] Client [0:0:0:0:0:0:0:1] logged in via token as 10013.
2022-09-11T02:17:01Z <INFO:emu.grasscutter.server.http.dispatch.DispatchHandler> [Dispatch] Client [0:0:0:0:0:0:0:1] is trying to log in.
2022-09-11T02:17:01Z <INFO:emu.grasscutter.auth.DefaultAuthenticators$SessionKeyAuthenticator> [Dispatch] Client [0:0:0:0:0:0:0:1] succeed to exchange combo token.
2022-09-11T02:17:01Z <INFO:emu.grasscutter.server.http.dispatch.DispatchHandler> [Dispatch] Client [0:0:0:0:0:0:0:1] is trying to log in.
2022-09-11T02:17:01Z <INFO:emu.grasscutter.server.http.dispatch.RegionHandler> Client 127.0.0.1 request: query_cur_region/os_usa
2022-09-11T02:17:09Z <INFO:emu.grasscutter.server.game.GameSession> Client connected from /127.0.0.1:49560
2022-09-11T02:17:09Z <INFO:emu.grasscutter.server.game.GameSession> Client disconnected from /127.0.0.1:49560
2022-09-11T02:17:13Z <INFO:emu.grasscutter.command.CommandHandler> There are 0 player(s) online:
2022-09-11T02:17:17Z <INFO:emu.grasscutter.command.CommandHandler> Failed, player not found.
2022-09-11T02:17:57Z <INFO:emu.grasscutter.auth.DefaultAuthenticators$TokenAuthenticator> [Dispatch] Client [0:0:0:0:0:0:0:1] is trying to log in via token.
2022-09-11T02:17:57Z <INFO:emu.grasscutter.auth.DefaultAuthenticators$TokenAuthenticator> [Dispatch] Client [0:0:0:0:0:0:0:1] logged in via token as 10013.
2022-09-11T02:17:57Z <INFO:emu.grasscutter.server.http.dispatch.DispatchHandler> [Dispatch] Client [0:0:0:0:0:0:0:1] is trying to log in.
2022-09-11T02:17:57Z <INFO:emu.grasscutter.auth.DefaultAuthenticators$SessionKeyAuthenticator> [Dispatch] Client [0:0:0:0:0:0:0:1] succeed to exchange combo token.
2022-09-11T02:17:57Z <INFO:emu.grasscutter.server.http.dispatch.DispatchHandler> [Dispatch] Client [0:0:0:0:0:0:0:1] is trying to log in.
2022-09-11T02:17:57Z <INFO:emu.grasscutter.server.http.dispatch.RegionHandler> Client 127.0.0.1 request: query_cur_region/os_usa
2022-09-11T02:18:00Z <INFO:emu.grasscutter.command.CommandHandler> Failed, player not found.
2022-09-11T02:18:06Z <INFO:emu.grasscutter.server.game.GameSession> Client connected from /127.0.0.1:63209
2022-09-11T02:18:06Z <INFO:emu.grasscutter.server.game.GameSession> Client disconnected from /127.0.0.1:63209
2022-09-11T02:18:08Z <INFO:emu.grasscutter.command.CommandHandler> Failed, player not found.
2022-09-11T02:18:13Z <INFO:emu.grasscutter.auth.DefaultAuthenticators$TokenAuthenticator> [Dispatch] Client [0:0:0:0:0:0:0:1] is trying to log in via token.
2022-09-11T02:18:13Z <INFO:emu.grasscutter.auth.DefaultAuthenticators$TokenAuthenticator> [Dispatch] Client [0:0:0:0:0:0:0:1] logged in via token as 10013.
2022-09-11T02:18:13Z <INFO:emu.grasscutter.server.http.dispatch.DispatchHandler> [Dispatch] Client [0:0:0:0:0:0:0:1] is trying to log in.
2022-09-11T02:18:13Z <INFO:emu.grasscutter.auth.DefaultAuthenticators$SessionKeyAuthenticator> [Dispatch] Client [0:0:0:0:0:0:0:1] succeed to exchange combo token.
2022-09-11T02:18:13Z <INFO:emu.grasscutter.server.http.dispatch.DispatchHandler> [Dispatch] Client [0:0:0:0:0:0:0:1] is trying to log in.
2022-09-11T02:18:13Z <INFO:emu.grasscutter.server.http.dispatch.RegionHandler> Client 127.0.0.1 request: query_cur_region/os_usa
2022-09-11T02:18:19Z <INFO:emu.grasscutter.command.CommandHandler> Usage: account create <username> [<UID>]
	Usage: account delete <username>
	Usage: account create <username> <password> [<UID>]
	Usage: account resetpass <username> <password>
2022-09-11T02:18:27Z <INFO:emu.grasscutter.command.CommandHandler> Account deleted.
2022-09-11T02:18:37Z <INFO:emu.grasscutter.command.CommandHandler> Account created with UID 1.
2022-09-11T02:18:40Z <INFO:emu.grasscutter.server.game.GameSession> Client connected from /127.0.0.1:59899
2022-09-11T02:19:01Z <INFO:emu.grasscutter.server.game.GameSession> Client connected from /127.0.0.1:49323
2022-09-11T02:19:24Z <INFO:emu.grasscutter.server.game.GameSession> Client disconnected from /127.0.0.1:59899
2022-09-11T02:19:53Z <INFO:emu.grasscutter.server.game.GameSession> Client connected from /127.0.0.1:58911
2022-09-11T02:20:16Z <INFO:emu.grasscutter.server.game.GameSession> Client disconnected from /127.0.0.1:49323
2022-09-11T02:21:07Z <INFO:emu.grasscutter.auth.DefaultAuthenticators$TokenAuthenticator> [Dispatch] Client [0:0:0:0:0:0:0:1] is trying to log in via token.
2022-09-11T02:21:07Z <INFO:emu.grasscutter.auth.DefaultAuthenticators$TokenAuthenticator> [Dispatch] Client [0:0:0:0:0:0:0:1] failed to log in via token.
2022-09-11T02:21:07Z <INFO:emu.grasscutter.server.http.dispatch.DispatchHandler> [Dispatch] Client [0:0:0:0:0:0:0:1] is trying to log in.
2022-09-11T02:21:11Z <INFO:emu.grasscutter.auth.DefaultAuthenticators$PasswordAuthenticator> [Dispatch] Client [0:0:0:0:0:0:0:1] logged in as 10014.
2022-09-11T02:21:11Z <INFO:emu.grasscutter.server.http.dispatch.DispatchHandler> [Dispatch] Client [0:0:0:0:0:0:0:1] is trying to log in.
2022-09-11T02:21:11Z <INFO:emu.grasscutter.auth.DefaultAuthenticators$SessionKeyAuthenticator> [Dispatch] Client [0:0:0:0:0:0:0:1] succeed to exchange combo token.
2022-09-11T02:21:11Z <INFO:emu.grasscutter.server.http.dispatch.DispatchHandler> [Dispatch] Client [0:0:0:0:0:0:0:1] is trying to log in.
2022-09-11T02:21:14Z <INFO:emu.grasscutter.server.http.dispatch.RegionHandler> Client 127.0.0.1 request: query_cur_region/os_usa
2022-09-11T02:21:20Z <INFO:emu.grasscutter.server.game.GameSession> Client connected from /127.0.0.1:50071
2022-09-11T02:21:33Z <INFO:emu.grasscutter.server.game.GameSession> Client disconnected from /127.0.0.1:58911
2022-09-11T02:25:09Z <WARN:emu.grasscutter.utils.Language> Failed to load language file: pt-BR.json, falling back to: en-US.json
2022-09-11T02:29:00Z <INFO:emu.grasscutter.server.game.GameSession> Client disconnected from /127.0.0.1:50071
2022-09-11T02:29:02Z <INFO:emu.grasscutter.auth.DefaultAuthenticators$TokenAuthenticator> [Dispatch] Client [0:0:0:0:0:0:0:1] is trying to log in via token.
2022-09-11T02:29:02Z <INFO:emu.grasscutter.auth.DefaultAuthenticators$TokenAuthenticator> [Dispatch] Client [0:0:0:0:0:0:0:1] logged in via token as 10014.
2022-09-11T02:29:02Z <INFO:emu.grasscutter.server.http.dispatch.DispatchHandler> [Dispatch] Client [0:0:0:0:0:0:0:1] is trying to log in.
2022-09-11T02:29:03Z <INFO:emu.grasscutter.auth.DefaultAuthenticators$SessionKeyAuthenticator> [Dispatch] Client [0:0:0:0:0:0:0:1] succeed to exchange combo token.
2022-09-11T02:29:03Z <INFO:emu.grasscutter.server.http.dispatch.DispatchHandler> [Dispatch] Client [0:0:0:0:0:0:0:1] is trying to log in.
2022-09-11T02:29:03Z <INFO:emu.grasscutter.server.http.dispatch.RegionHandler> Client 127.0.0.1 request: query_cur_region/os_usa
2022-09-11T02:29:14Z <INFO:emu.grasscutter.command.CommandHandler> Server shutting down...
2022-09-11T02:29:14Z <INFO:emu.grasscutter.plugin.PluginManager> Disabling plugin: IdLookPlugin
2022-09-11T02:29:14Z <INFO:uk.haku.idlook.IdLookPlugin> The IdLook plugin has been loaded.
2022-09-11T02:31:52Z <WARN:emu.grasscutter.utils.Language> Failed to load language file: pt-BR.json, falling back to: en-US.json
2022-09-11T02:31:53Z <INFO:emu.grasscutter.utils.Language> Loading cached TextMaps
2022-09-11T02:31:54Z <INFO:emu.grasscutter.data.ResourceLoader> Loading resources...
2022-09-11T02:32:07Z <INFO:emu.grasscutter.data.ResourceLoader> Finished loading resources.
2022-09-11T02:32:09Z <INFO:emu.grasscutter.tools.Tools> GM Handbooks generated!
2022-09-11T02:32:09Z <INFO:emu.grasscutter.Grasscutter> Starting Grasscutter...
2022-09-11T02:32:09Z <INFO:emu.grasscutter.Grasscutter> Game version: 3.0.0
2022-09-11T02:32:09Z <INFO:emu.grasscutter.Grasscutter> Grasscutter version: 1.3.1-dev-GIT_NOT_FOUND
2022-09-11T02:32:12Z <INFO:emu.grasscutter.plugin.PluginManager> Loading plugin: IdLookPlugin
2022-09-11T02:32:16Z <INFO:uk.haku.idlook.IdLookPlugin> The IdLook plugin has been loaded.
2022-09-11T02:32:17Z <INFO:emu.grasscutter.server.http.HttpServer> [Dispatch] Dispatch server started at [1m[33m127.0.0.1:443[0m
2022-09-11T02:32:17Z <INFO:emu.grasscutter.server.game.GameServer> Grasscutter is FREE software. If you have paid for this, you may have been scammed. Homepage: https://github.com/Grasscutters/Grasscutter
2022-09-11T02:32:17Z <INFO:emu.grasscutter.server.game.GameServer> Game Server started at [1m[33m127.0.0.1:22102[0m
2022-09-11T02:32:17Z <INFO:emu.grasscutter.plugin.PluginManager> Enabling plugin: IdLookPlugin
2022-09-11T02:32:17Z <INFO:uk.haku.idlook.IdLookPlugin> The IdLook plugin has been loaded.
2022-09-11T02:32:17Z <INFO:emu.grasscutter.Grasscutter> Done! For help, type "help"
2022-09-11T02:32:51Z <INFO:emu.grasscutter.server.http.dispatch.RegionHandler> [Dispatch] Client [0:0:0:0:0:0:0:1] request: query_region_list
2022-09-11T02:32:52Z <INFO:emu.grasscutter.auth.DefaultAuthenticators$TokenAuthenticator> [Dispatch] Client [0:0:0:0:0:0:0:1] is trying to log in via token.
2022-09-11T02:32:52Z <INFO:emu.grasscutter.auth.DefaultAuthenticators$TokenAuthenticator> [Dispatch] Client [0:0:0:0:0:0:0:1] logged in via token as 10014.
2022-09-11T02:32:53Z <INFO:emu.grasscutter.server.http.dispatch.DispatchHandler> [Dispatch] Client [0:0:0:0:0:0:0:1] is trying to log in.
2022-09-11T02:32:53Z <INFO:emu.grasscutter.auth.DefaultAuthenticators$SessionKeyAuthenticator> [Dispatch] Client [0:0:0:0:0:0:0:1] succeed to exchange combo token.
2022-09-11T02:32:53Z <INFO:emu.grasscutter.server.http.dispatch.DispatchHandler> [Dispatch] Client [0:0:0:0:0:0:0:1] is trying to log in.
2022-09-11T02:32:53Z <INFO:emu.grasscutter.server.http.dispatch.RegionHandler> Client 127.0.0.1 request: query_cur_region/os_usa
2022-09-11T02:33:04Z <INFO:emu.grasscutter.server.game.GameSession> Client connected from /127.0.0.1:52846
2022-09-11T02:33:06Z <INFO:emu.grasscutter.game.activity.ActivityManager> Enable 1 activities.
2022-09-11T02:33:59Z <WARN:emu.grasscutter.utils.Language> Failed to load language file: pt-BR.json, falling back to: en-US.json
2022-09-11T02:34:36Z <INFO:emu.grasscutter.server.game.GameSession> Client disconnected from /127.0.0.1:52846
2022-09-11T02:34:38Z <INFO:emu.grasscutter.auth.DefaultAuthenticators$TokenAuthenticator> [Dispatch] Client [0:0:0:0:0:0:0:1] is trying to log in via token.
2022-09-11T02:34:38Z <INFO:emu.grasscutter.auth.DefaultAuthenticators$TokenAuthenticator> [Dispatch] Client [0:0:0:0:0:0:0:1] logged in via token as 10014.
2022-09-11T02:34:38Z <INFO:emu.grasscutter.server.http.dispatch.DispatchHandler> [Dispatch] Client [0:0:0:0:0:0:0:1] is trying to log in.
2022-09-11T02:34:38Z <INFO:emu.grasscutter.auth.DefaultAuthenticators$SessionKeyAuthenticator> [Dispatch] Client [0:0:0:0:0:0:0:1] succeed to exchange combo token.
2022-09-11T02:34:38Z <INFO:emu.grasscutter.server.http.dispatch.DispatchHandler> [Dispatch] Client [0:0:0:0:0:0:0:1] is trying to log in.
2022-09-11T02:34:38Z <INFO:emu.grasscutter.server.http.dispatch.RegionHandler> Client 127.0.0.1 request: query_cur_region/os_usa
2022-09-11T02:34:47Z <INFO:emu.grasscutter.command.CommandHandler> Server shutting down...
2022-09-11T02:34:47Z <INFO:emu.grasscutter.plugin.PluginManager> Disabling plugin: IdLookPlugin
2022-09-11T02:34:47Z <INFO:uk.haku.idlook.IdLookPlugin> The IdLook plugin has been loaded.
2022-09-11T02:36:45Z <WARN:emu.grasscutter.utils.Language> Failed to load language file: pt-BR.json, falling back to: en-US.json
2022-09-11T02:36:45Z <INFO:emu.grasscutter.utils.Language> Loading cached TextMaps
2022-09-11T02:36:46Z <INFO:emu.grasscutter.data.ResourceLoader> Loading resources...
2022-09-11T02:36:48Z <INFO:emu.grasscutter.data.ResourceLoader> Finished loading resources.
2022-09-11T02:36:49Z <INFO:emu.grasscutter.tools.Tools> GM Handbooks generated!
2022-09-11T02:36:49Z <INFO:emu.grasscutter.Grasscutter> Starting Grasscutter...
2022-09-11T02:36:49Z <INFO:emu.grasscutter.Grasscutter> Game version: 3.0.0
2022-09-11T02:36:49Z <INFO:emu.grasscutter.Grasscutter> Grasscutter version: 1.3.1-dev-GIT_NOT_FOUND
2022-09-11T02:36:51Z <INFO:emu.grasscutter.plugin.PluginManager> Loading plugin: IdLookPlugin
2022-09-11T02:36:55Z <INFO:uk.haku.idlook.IdLookPlugin> The IdLook plugin has been loaded.
2022-09-11T02:36:56Z <INFO:emu.grasscutter.server.http.HttpServer> [Dispatch] Dispatch server started at [1m[33m127.0.0.1:443[0m
2022-09-11T02:36:56Z <INFO:emu.grasscutter.server.game.GameServer> Grasscutter is FREE software. If you have paid for this, you may have been scammed. Homepage: https://github.com/Grasscutters/Grasscutter
2022-09-11T02:36:56Z <INFO:emu.grasscutter.server.game.GameServer> Game Server started at [1m[33m127.0.0.1:22102[0m
2022-09-11T02:36:56Z <INFO:emu.grasscutter.plugin.PluginManager> Enabling plugin: IdLookPlugin
2022-09-11T02:36:56Z <INFO:uk.haku.idlook.IdLookPlugin> The IdLook plugin has been loaded.
2022-09-11T02:36:56Z <INFO:emu.grasscutter.Grasscutter> Done! For help, type "help"
2022-09-11T02:37:23Z <INFO:emu.grasscutter.server.http.dispatch.RegionHandler> [Dispatch] Client [0:0:0:0:0:0:0:1] request: query_region_list
2022-09-11T02:37:24Z <INFO:emu.grasscutter.auth.DefaultAuthenticators$TokenAuthenticator> [Dispatch] Client [0:0:0:0:0:0:0:1] is trying to log in via token.
2022-09-11T02:37:24Z <INFO:emu.grasscutter.auth.DefaultAuthenticators$TokenAuthenticator> [Dispatch] Client [0:0:0:0:0:0:0:1] logged in via token as 10014.
2022-09-11T02:37:24Z <INFO:emu.grasscutter.server.http.dispatch.DispatchHandler> [Dispatch] Client [0:0:0:0:0:0:0:1] is trying to log in.
2022-09-11T02:37:24Z <INFO:emu.grasscutter.auth.DefaultAuthenticators$SessionKeyAuthenticator> [Dispatch] Client [0:0:0:0:0:0:0:1] succeed to exchange combo token.
2022-09-11T02:37:24Z <INFO:emu.grasscutter.server.http.dispatch.DispatchHandler> [Dispatch] Client [0:0:0:0:0:0:0:1] is trying to log in.
2022-09-11T02:37:24Z <INFO:emu.grasscutter.server.http.dispatch.RegionHandler> Client 127.0.0.1 request: query_cur_region/os_usa
2022-09-11T02:37:33Z <INFO:emu.grasscutter.server.game.GameSession> Client connected from /127.0.0.1:61669
2022-09-11T02:37:35Z <INFO:emu.grasscutter.game.activity.ActivityManager> Enable 1 activities.
2022-09-11T02:38:33Z <INFO:emu.grasscutter.command.CommandHandler> UnlockMap for 10014 set to 1.
2022-09-11T02:39:37Z <WARN:emu.grasscutter.utils.Language> Failed to load language file: pt-BR.json, falling back to: en-US.json
2022-09-11T03:02:36Z <INFO:emu.grasscutter.server.game.GameSession> Client disconnected from /127.0.0.1:61669
2022-09-11T03:02:41Z <INFO:emu.grasscutter.auth.DefaultAuthenticators$TokenAuthenticator> [Dispatch] Client [0:0:0:0:0:0:0:1] is trying to log in via token.
2022-09-11T03:02:41Z <INFO:emu.grasscutter.auth.DefaultAuthenticators$TokenAuthenticator> [Dispatch] Client [0:0:0:0:0:0:0:1] logged in via token as 10014.
2022-09-11T03:02:41Z <INFO:emu.grasscutter.server.http.dispatch.DispatchHandler> [Dispatch] Client [0:0:0:0:0:0:0:1] is trying to log in.
2022-09-11T03:02:42Z <INFO:emu.grasscutter.auth.DefaultAuthenticators$SessionKeyAuthenticator> [Dispatch] Client [0:0:0:0:0:0:0:1] succeed to exchange combo token.
2022-09-11T03:02:42Z <INFO:emu.grasscutter.server.http.dispatch.DispatchHandler> [Dispatch] Client [0:0:0:0:0:0:0:1] is trying to log in.
2022-09-11T03:02:45Z <INFO:emu.grasscutter.server.http.dispatch.RegionHandler> Client 127.0.0.1 request: query_cur_region/os_usa
2022-09-11T03:02:56Z <INFO:emu.grasscutter.command.CommandHandler> Server shutting down...
2022-09-11T03:02:56Z <INFO:emu.grasscutter.plugin.PluginManager> Disabling plugin: IdLookPlugin
2022-09-11T03:02:56Z <INFO:uk.haku.idlook.IdLookPlugin> The IdLook plugin has been loaded.
2022-09-11T13:48:44Z <WARN:emu.grasscutter.utils.Language> Failed to load language file: pt-BR.json, falling back to: en-US.json
2022-09-11T13:48:45Z <INFO:emu.grasscutter.utils.Language> Loading cached TextMaps
2022-09-11T13:48:45Z <INFO:emu.grasscutter.data.ResourceLoader> Loading resources...
2022-09-11T13:49:18Z <INFO:emu.grasscutter.data.ResourceLoader> Finished loading resources.
2022-09-11T13:49:19Z <INFO:emu.grasscutter.tools.Tools> GM Handbooks generated!
2022-09-11T13:49:19Z <INFO:emu.grasscutter.Grasscutter> Starting Grasscutter...
2022-09-11T13:49:19Z <INFO:emu.grasscutter.Grasscutter> Game version: 3.0.0
2022-09-11T13:49:19Z <INFO:emu.grasscutter.Grasscutter> Grasscutter version: 1.3.1-dev-GIT_NOT_FOUND
2022-09-11T13:49:22Z <INFO:emu.grasscutter.plugin.PluginManager> Loading plugin: IdLookPlugin
2022-09-11T13:49:25Z <INFO:uk.haku.idlook.IdLookPlugin> The IdLook plugin has been loaded.
2022-09-11T13:49:26Z <INFO:emu.grasscutter.server.http.HttpServer> [Dispatch] Dispatch server started at [1m[33m127.0.0.1:443[0m
2022-09-11T13:49:26Z <INFO:emu.grasscutter.server.game.GameServer> Grasscutter is FREE software. If you have paid for this, you may have been scammed. Homepage: https://github.com/Grasscutters/Grasscutter
2022-09-11T13:49:26Z <INFO:emu.grasscutter.server.game.GameServer> Game Server started at [1m[33m127.0.0.1:22102[0m
2022-09-11T13:49:26Z <INFO:emu.grasscutter.plugin.PluginManager> Enabling plugin: IdLookPlugin
2022-09-11T13:49:26Z <INFO:uk.haku.idlook.IdLookPlugin> The IdLook plugin has been loaded.
2022-09-11T13:49:26Z <INFO:emu.grasscutter.Grasscutter> Done! For help, type "help"
2022-09-11T13:50:49Z <INFO:emu.grasscutter.server.http.dispatch.RegionHandler> [Dispatch] Client [0:0:0:0:0:0:0:1] request: query_region_list
2022-09-11T13:50:51Z <INFO:emu.grasscutter.auth.DefaultAuthenticators$TokenAuthenticator> [Dispatch] Client [0:0:0:0:0:0:0:1] is trying to log in via token.
2022-09-11T13:50:51Z <INFO:emu.grasscutter.auth.DefaultAuthenticators$TokenAuthenticator> [Dispatch] Client [0:0:0:0:0:0:0:1] logged in via token as 10014.
2022-09-11T13:50:51Z <INFO:emu.grasscutter.server.http.dispatch.DispatchHandler> [Dispatch] Client [0:0:0:0:0:0:0:1] is trying to log in.
2022-09-11T13:50:51Z <INFO:emu.grasscutter.auth.DefaultAuthenticators$SessionKeyAuthenticator> [Dispatch] Client [0:0:0:0:0:0:0:1] succeed to exchange combo token.
2022-09-11T13:50:51Z <INFO:emu.grasscutter.server.http.dispatch.DispatchHandler> [Dispatch] Client [0:0:0:0:0:0:0:1] is trying to log in.
2022-09-11T13:50:52Z <INFO:emu.grasscutter.server.http.dispatch.RegionHandler> Client 127.0.0.1 request: query_cur_region/os_usa
2022-09-11T13:51:11Z <INFO:emu.grasscutter.server.game.GameSession> Client connected from /127.0.0.1:56708
2022-09-11T13:51:22Z <INFO:emu.grasscutter.game.activity.ActivityManager> Enable 1 activities.
2022-09-11T14:00:59Z <WARN:emu.grasscutter.utils.Language> Failed to load language file: pt-BR.json, falling back to: en-US.json
2022-09-11T14:17:24Z <INFO:emu.grasscutter.server.game.GameSession> Client disconnected from /127.0.0.1:56708
2022-09-11T14:17:30Z <INFO:emu.grasscutter.auth.DefaultAuthenticators$TokenAuthenticator> [Dispatch] Client [0:0:0:0:0:0:0:1] is trying to log in via token.
2022-09-11T14:17:30Z <INFO:emu.grasscutter.auth.DefaultAuthenticators$TokenAuthenticator> [Dispatch] Client [0:0:0:0:0:0:0:1] logged in via token as 10014.
2022-09-11T14:17:30Z <INFO:emu.grasscutter.server.http.dispatch.DispatchHandler> [Dispatch] Client [0:0:0:0:0:0:0:1] is trying to log in.
2022-09-11T14:17:30Z <INFO:emu.grasscutter.auth.DefaultAuthenticators$SessionKeyAuthenticator> [Dispatch] Client [0:0:0:0:0:0:0:1] succeed to exchange combo token.
2022-09-11T14:17:30Z <INFO:emu.grasscutter.server.http.dispatch.DispatchHandler> [Dispatch] Client [0:0:0:0:0:0:0:1] is trying to log in.
2022-09-11T14:17:30Z <INFO:emu.grasscutter.server.http.dispatch.RegionHandler> Client 127.0.0.1 request: query_cur_region/os_usa
2022-09-11T14:17:42Z <INFO:emu.grasscutter.command.CommandHandler> Server shutting down...
2022-09-11T14:17:42Z <INFO:emu.grasscutter.plugin.PluginManager> Disabling plugin: IdLookPlugin
2022-09-11T14:17:42Z <INFO:uk.haku.idlook.IdLookPlugin> The IdLook plugin has been loaded.
2022-09-11T14:24:37Z <WARN:emu.grasscutter.utils.Language> Failed to load language file: pt-BR.json, falling back to: en-US.json
2022-09-11T14:24:37Z <INFO:emu.grasscutter.utils.Language> Loading cached TextMaps
2022-09-11T14:24:38Z <INFO:emu.grasscutter.data.ResourceLoader> Loading resources...
2022-09-11T14:24:49Z <INFO:emu.grasscutter.data.ResourceLoader> Finished loading resources.
2022-09-11T14:24:51Z <INFO:emu.grasscutter.tools.Tools> GM Handbooks generated!
2022-09-11T14:24:51Z <INFO:emu.grasscutter.Grasscutter> Starting Grasscutter...
2022-09-11T14:24:51Z <INFO:emu.grasscutter.Grasscutter> Game version: 3.0.0
2022-09-11T14:24:51Z <INFO:emu.grasscutter.Grasscutter> Grasscutter version: 1.3.1-dev-GIT_NOT_FOUND
2022-09-11T14:24:52Z <INFO:emu.grasscutter.plugin.PluginManager> Loading plugin: IdLookPlugin
2022-09-11T14:24:56Z <INFO:uk.haku.idlook.IdLookPlugin> The IdLook plugin has been loaded.
2022-09-11T14:24:57Z <INFO:emu.grasscutter.server.http.HttpServer> [Dispatch] Dispatch server started at [1m[33m127.0.0.1:443[0m
2022-09-11T14:24:57Z <INFO:emu.grasscutter.server.game.GameServer> Grasscutter is FREE software. If you have paid for this, you may have been scammed. Homepage: https://github.com/Grasscutters/Grasscutter
2022-09-11T14:24:57Z <INFO:emu.grasscutter.server.game.GameServer> Game Server started at [1m[33m127.0.0.1:22102[0m
2022-09-11T14:24:57Z <INFO:emu.grasscutter.plugin.PluginManager> Enabling plugin: IdLookPlugin
2022-09-11T14:24:57Z <INFO:uk.haku.idlook.IdLookPlugin> The IdLook plugin has been loaded.
2022-09-11T14:24:57Z <INFO:emu.grasscutter.Grasscutter> Done! For help, type "help"
2022-09-11T14:25:30Z <INFO:emu.grasscutter.server.http.dispatch.RegionHandler> [Dispatch] Client [0:0:0:0:0:0:0:1] request: query_region_list
2022-09-11T14:25:31Z <INFO:emu.grasscutter.auth.DefaultAuthenticators$TokenAuthenticator> [Dispatch] Client [0:0:0:0:0:0:0:1] is trying to log in via token.
2022-09-11T14:25:31Z <INFO:emu.grasscutter.auth.DefaultAuthenticators$TokenAuthenticator> [Dispatch] Client [0:0:0:0:0:0:0:1] logged in via token as 10014.
2022-09-11T14:25:31Z <INFO:emu.grasscutter.server.http.dispatch.DispatchHandler> [Dispatch] Client [0:0:0:0:0:0:0:1] is trying to log in.
2022-09-11T14:25:31Z <INFO:emu.grasscutter.auth.DefaultAuthenticators$SessionKeyAuthenticator> [Dispatch] Client [0:0:0:0:0:0:0:1] succeed to exchange combo token.
2022-09-11T14:25:31Z <INFO:emu.grasscutter.server.http.dispatch.DispatchHandler> [Dispatch] Client [0:0:0:0:0:0:0:1] is trying to log in.
2022-09-11T14:25:31Z <INFO:emu.grasscutter.server.http.dispatch.RegionHandler> Client 127.0.0.1 request: query_cur_region/os_usa
2022-09-11T14:25:43Z <INFO:emu.grasscutter.server.game.GameSession> Client connected from /127.0.0.1:61783
2022-09-11T14:25:45Z <INFO:emu.grasscutter.game.activity.ActivityManager> Enable 1 activities.
2022-09-11T14:35:08Z <WARN:emu.grasscutter.utils.Language> Failed to load language file: pt-BR.json, falling back to: en-US.json
2022-09-11T16:50:10Z <INFO:emu.grasscutter.server.game.GameSession> Client disconnected from /127.0.0.1:61783
2022-09-11T16:50:18Z <INFO:emu.grasscutter.auth.DefaultAuthenticators$TokenAuthenticator> [Dispatch] Client [0:0:0:0:0:0:0:1] is trying to log in via token.
2022-09-11T16:50:18Z <INFO:emu.grasscutter.auth.DefaultAuthenticators$TokenAuthenticator> [Dispatch] Client [0:0:0:0:0:0:0:1] logged in via token as 10014.
2022-09-11T16:50:18Z <INFO:emu.grasscutter.server.http.dispatch.DispatchHandler> [Dispatch] Client [0:0:0:0:0:0:0:1] is trying to log in.
2022-09-11T16:50:18Z <INFO:emu.grasscutter.auth.DefaultAuthenticators$SessionKeyAuthenticator> [Dispatch] Client [0:0:0:0:0:0:0:1] succeed to exchange combo token.
2022-09-11T16:50:18Z <INFO:emu.grasscutter.server.http.dispatch.DispatchHandler> [Dispatch] Client [0:0:0:0:0:0:0:1] is trying to log in.
2022-09-11T16:50:19Z <INFO:emu.grasscutter.server.http.dispatch.RegionHandler> Client 127.0.0.1 request: query_cur_region/os_usa
2022-09-11T16:51:38Z <INFO:emu.grasscutter.server.http.dispatch.RegionHandler> [Dispatch] Client [0:0:0:0:0:0:0:1] request: query_region_list
2022-09-11T16:51:40Z <INFO:emu.grasscutter.auth.DefaultAuthenticators$TokenAuthenticator> [Dispatch] Client [0:0:0:0:0:0:0:1] is trying to log in via token.
2022-09-11T16:51:40Z <INFO:emu.grasscutter.auth.DefaultAuthenticators$TokenAuthenticator> [Dispatch] Client [0:0:0:0:0:0:0:1] logged in via token as 10014.
2022-09-11T16:51:40Z <INFO:emu.grasscutter.server.http.dispatch.DispatchHandler> [Dispatch] Client [0:0:0:0:0:0:0:1] is trying to log in.
2022-09-11T16:51:40Z <INFO:emu.grasscutter.auth.DefaultAuthenticators$SessionKeyAuthenticator> [Dispatch] Client [0:0:0:0:0:0:0:1] succeed to exchange combo token.
2022-09-11T16:51:40Z <INFO:emu.grasscutter.server.http.dispatch.DispatchHandler> [Dispatch] Client [0:0:0:0:0:0:0:1] is trying to log in.
2022-09-11T16:51:40Z <INFO:emu.grasscutter.server.http.dispatch.RegionHandler> Client 127.0.0.1 request: query_cur_region/os_usa
2022-09-11T16:51:55Z <INFO:emu.grasscutter.server.game.GameSession> Client connected from /127.0.0.1:59061
2022-09-11T17:18:18Z <INFO:emu.grasscutter.game.dungeons.DungeonSystem> ayame(1) is trying to enter dungeon 1159
2022-09-11T17:18:18Z <WARN:emu.grasscutter.scripts.data.SceneMeta> No script found for scene 20160
2022-09-11T17:33:12Z <INFO:emu.grasscutter.server.game.GameSession> Client disconnected from /127.0.0.1:59061
2022-09-11T17:33:17Z <INFO:emu.grasscutter.auth.DefaultAuthenticators$TokenAuthenticator> [Dispatch] Client [0:0:0:0:0:0:0:1] is trying to log in via token.
2022-09-11T17:33:17Z <INFO:emu.grasscutter.auth.DefaultAuthenticators$TokenAuthenticator> [Dispatch] Client [0:0:0:0:0:0:0:1] logged in via token as 10014.
2022-09-11T17:33:17Z <INFO:emu.grasscutter.server.http.dispatch.DispatchHandler> [Dispatch] Client [0:0:0:0:0:0:0:1] is trying to log in.
2022-09-11T17:33:17Z <INFO:emu.grasscutter.auth.DefaultAuthenticators$SessionKeyAuthenticator> [Dispatch] Client [0:0:0:0:0:0:0:1] succeed to exchange combo token.
2022-09-11T17:33:17Z <INFO:emu.grasscutter.server.http.dispatch.DispatchHandler> [Dispatch] Client [0:0:0:0:0:0:0:1] is trying to log in.
2022-09-11T17:33:18Z <INFO:emu.grasscutter.server.http.dispatch.RegionHandler> Client 127.0.0.1 request: query_cur_region/os_usa
2022-09-11T17:33:29Z <INFO:emu.grasscutter.command.CommandHandler> Server shutting down...
2022-09-11T17:33:29Z <INFO:emu.grasscutter.plugin.PluginManager> Disabling plugin: IdLookPlugin
2022-09-11T17:33:29Z <INFO:uk.haku.idlook.IdLookPlugin> The IdLook plugin has been loaded.
